<?xml version="1.0" encoding="UTF-8"?>
<testng-results skipped="0" failed="0" ignored="0" total="1" passed="1">
  <reporter-output>
  </reporter-output>
  <suite name="Default suite" duration-ms="46033" started-at="2021-02-21T10:22:40Z" finished-at="2021-02-21T10:23:26Z">
    <groups>
    </groups>
    <test name="Default test" duration-ms="46033" started-at="2021-02-21T10:22:40Z" finished-at="2021-02-21T10:23:26Z">
      <class name="Com_FlipkartTest.Flipkart_IphoneSearchTest">
        <test-method status="PASS" signature="configBT()[pri:0, instance:Com_FlipkartTest.Flipkart_IphoneSearchTest@48aaecc3]" name="configBT" is-config="true" duration-ms="36340" started-at="2021-02-21T10:22:40Z" finished-at="2021-02-21T10:23:16Z">
          <reporter-output>
          </reporter-output>
        </test-method> <!-- configBT -->
        <test-method status="PASS" signature="iphonesearchtestcase()[pri:0, instance:Com_FlipkartTest.Flipkart_IphoneSearchTest@48aaecc3]" name="iphonesearchtestcase" duration-ms="6476" started-at="2021-02-21T10:23:16Z" finished-at="2021-02-21T10:23:23Z">
          <reporter-output>
          </reporter-output>
        </test-method> <!-- iphonesearchtestcase -->
        <test-method status="PASS" signature="configAT()[pri:0, instance:Com_FlipkartTest.Flipkart_IphoneSearchTest@48aaecc3]" name="configAT" is-config="true" duration-ms="3158" started-at="2021-02-21T10:23:23Z" finished-at="2021-02-21T10:23:26Z">
          <reporter-output>
          </reporter-output>
        </test-method> <!-- configAT -->
      </class> <!-- Com_FlipkartTest.Flipkart_IphoneSearchTest -->
    </test> <!-- Default test -->
  </suite> <!-- Default suite -->
</testng-results>
